<?xml version="1.0" encoding="UTF-8"?>
<!-- Generated by org.testng.reporters.JUnitXMLReporter -->
<testsuite hostname="BDC8-DX-6PK8H92" name="Test" tests="1" failures="0" timestamp="5 Jul 2019 03:57:36 GMT" time="0.045" errors="0">
  <testcase name="@BeforeTest beforeMethod" time="0.0" classname="com.tests.NewTest10">
    <failure type="org.testng.TestNGException" message="
Parameter &amp;apos;broswer&amp;apos; is required by @Configuration on method beforeMethod but has not been marked @Optional or defined
in C:\eclipse-workspace\SeleniumMavenProject\src\test\java\com\tests\NewTest10.xml">
      <![CDATA[org.testng.TestNGException: 
Parameter 'broswer' is required by @Configuration on method beforeMethod but has not been marked @Optional or defined
in C:\eclipse-workspace\SeleniumMavenProject\src\test\java\com\tests\NewTest10.xml
... Removed 19 stack frames]]>
    </failure>
  </testcase> <!-- @BeforeTest beforeMethod -->
  <testcase name="@AfterTest afterMethod" time="0.0" classname="com.tests.NewTest10">
    <skipped/>
  </testcase> <!-- @AfterTest afterMethod -->
  <testcase name="testDemoWbShopLogin" time="0.0" classname="com.tests.NewTest10">
    <skipped/>
  </testcase> <!-- testDemoWbShopLogin -->
</testsuite> <!-- Test -->
